[debug] [2024-01-23T18:51:10.143Z] ----------------------------------------------------------------------
[debug] [2024-01-23T18:51:10.145Z] Command:       D:\nodejs\node.exe C:\Users\USER\AppData\Roaming\npm\node_modules\firebase-tools\lib\bin\firebase.js init
[debug] [2024-01-23T18:51:10.145Z] CLI Version:   13.0.3
[debug] [2024-01-23T18:51:10.145Z] Platform:      win32
[debug] [2024-01-23T18:51:10.146Z] Node Version:  v18.14.1
[debug] [2024-01-23T18:51:10.146Z] Time:          Wed Jan 24 2024 01:21:10 GMT+0630 (Myanmar Time)
[debug] [2024-01-23T18:51:10.146Z] ----------------------------------------------------------------------
[debug] 
[debug] [2024-01-23T18:51:10.152Z] > command requires scopes: ["email","openid","https://www.googleapis.com/auth/cloudplatformprojects.readonly","https://www.googleapis.com/auth/firebase","https://www.googleapis.com/auth/cloud-platform"]
[debug] [2024-01-23T18:51:10.152Z] > authorizing via signed-in user (john.znhk02@gmail.com)
[info] 
     ######## #### ########  ######## ########     ###     ######  ########
     ##        ##  ##     ## ##       ##     ##  ##   ##  ##       ##
     ######    ##  ########  ######   ########  #########  ######  ######
     ##        ##  ##    ##  ##       ##     ## ##     ##       ## ##
     ##       #### ##     ## ######## ########  ##     ##  ######  ########

You're about to initialize a Firebase project in this directory:

  D:\portfolio

[info] 
=== Project Setup
[info] 
[info] First, let's associate this project directory with a Firebase project.
[info] You can create multiple project aliases by running firebase use --add, 
[info] but for now we'll just set up a default project.
[info] 
[debug] [2024-01-23T18:51:32.266Z] >>> [apiv2][query] GET https://firebase.googleapis.com/v1beta1/projects pageSize=100
[debug] [2024-01-23T18:51:33.195Z] <<< [apiv2][status] GET https://firebase.googleapis.com/v1beta1/projects 200
[debug] [2024-01-23T18:51:33.195Z] <<< [apiv2][body] GET https://firebase.googleapis.com/v1beta1/projects [omitted]
[info] i  Using project my-portfolio-63841 (My-Portfolio) 
[info] 
=== Hosting Setup
[debug] [2024-01-23T18:51:35.798Z] >>> [apiv2][query] GET https://firebase.googleapis.com/v1beta1/projects/my-portfolio-63841 [none]
[debug] [2024-01-23T18:51:36.325Z] <<< [apiv2][status] GET https://firebase.googleapis.com/v1beta1/projects/my-portfolio-63841 200
[debug] [2024-01-23T18:51:36.325Z] <<< [apiv2][body] GET https://firebase.googleapis.com/v1beta1/projects/my-portfolio-63841 {"projectId":"my-portfolio-63841","projectNumber":"774690600675","displayName":"My-Portfolio","name":"projects/my-portfolio-63841","resources":{"hostingSite":"my-portfolio-63841"},"state":"ACTIVE","etag":"1_cf21139d-aea9-4c67-8959-e92b283a49f3"}
[info] 
[info] Your public directory is the folder (relative to your project directory) that
[info] will contain Hosting assets to be uploaded with firebase deploy. If you
[info] have a build process for your assets, use your build's output directory.
[info] 
[info] +  Wrote public/404.html 
[debug] [2024-01-23T18:52:29.368Z] >>> [apiv2][query] GET https://www.gstatic.com/firebasejs/releases.json [none]
[debug] [2024-01-23T18:52:29.544Z] <<< [apiv2][status] GET https://www.gstatic.com/firebasejs/releases.json 200
[debug] [2024-01-23T18:52:29.544Z] <<< [apiv2][body] GET https://www.gstatic.com/firebasejs/releases.json {"current":{"version":"10.7.2","browserURL":"https://www.gstatic.com/firebasejs/10.7.2/firebase.js","packageURL":"https://www.gstatic.com/firebasejs/10.7.2/firebase.tgz"},"live":{"version":"10.7","browserURL":"https://www.gstatic.com/firebasejs/live/10.7/firebase.js","packageURL":"https://www.gstatic.com/firebasejs/live/10.7/firebase.tgz"},"components":{"analytics":"https://www.gstatic.com/firebasejs/10.7.2/firebase-analytics.js","app":"https://www.gstatic.com/firebasejs/10.7.2/firebase-app.js","app-check":"https://www.gstatic.com/firebasejs/10.7.2/firebase-app-check.js","auth":"https://www.gstatic.com/firebasejs/10.7.2/firebase-auth.js","auth/cordova":"https://www.gstatic.com/firebasejs/10.7.2/firebase-auth/cordova.js","functions":"https://www.gstatic.com/firebasejs/10.7.2/firebase-functions.js","firestore":"https://www.gstatic.com/firebasejs/10.7.2/firebase-firestore.js","firestore/lite":"https://www.gstatic.com/firebasejs/10.7.2/firebase-firestore/lite.js","installations":"https://www.gstatic.com/firebasejs/10.7.2/firebase-installations.js","storage":"https://www.gstatic.com/firebasejs/10.7.2/firebase-storage.js","performance":"https://www.gstatic.com/firebasejs/10.7.2/firebase-performance.js","remote-config":"https://www.gstatic.com/firebasejs/10.7.2/firebase-remote-config.js","messaging":"https://www.gstatic.com/firebasejs/10.7.2/firebase-messaging.js","messaging/sw":"https://www.gstatic.com/firebasejs/10.7.2/firebase-messaging/sw.js","database":"https://www.gstatic.com/firebasejs/10.7.2/firebase-database.js","firestore.memory":"https://www.gstatic.com/firebasejs/10.7.2/firebase-firestore.memory.js"}}
[info] +  Wrote public/index.html 
[info] 
[info] i  Didn't detect a .git folder. Assuming D:\portfolio is the project root. 
[info] i  Authorizing with GitHub to upload your service account to a GitHub repository's secrets store. 
[info] 
[info] Visit this URL on this device to log in:
[info] https://github.com/login/oauth/authorize?client_id=89cf50f02ac6aaed3484&state=434829775&redirect_uri=http%3A%2F%2Flocalhost%3A9005&scope=read%3Auser%20repo%20public_repo
[info] 
[info] Waiting for authentication...
[debug] [2024-01-23T18:52:33.387Z] >>> [apiv2][query] POST https://github.com/login/oauth/access_token [none]
[debug] [2024-01-23T18:52:33.388Z] >>> [apiv2][body] POST https://github.com/login/oauth/access_token [stream]
[debug] [2024-01-23T18:52:33.883Z] <<< [apiv2][status] POST https://github.com/login/oauth/access_token 200
[debug] [2024-01-23T18:52:33.883Z] <<< [apiv2][body] POST https://github.com/login/oauth/access_token {"access_token":"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","token_type":"bearer","scope":"read:user,repo"}
[debug] [2024-01-23T18:52:33.895Z] >>> [apiv2][query] GET https://api.github.com/user [none]
[debug] [2024-01-23T18:52:34.413Z] <<< [apiv2][status] GET https://api.github.com/user 200
[debug] [2024-01-23T18:52:34.413Z] <<< [apiv2][body] GET https://api.github.com/user {"login":"ZarNiHK","id":90494561,"node_id":"MDQ6VXNlcjkwNDk0NTYx","avatar_url":"https://avatars.githubusercontent.com/u/90494561?v=4","gravatar_id":"","url":"https://api.github.com/users/ZarNiHK","html_url":"https://github.com/ZarNiHK","followers_url":"https://api.github.com/users/ZarNiHK/followers","following_url":"https://api.github.com/users/ZarNiHK/following{/other_user}","gists_url":"https://api.github.com/users/ZarNiHK/gists{/gist_id}","starred_url":"https://api.github.com/users/ZarNiHK/starred{/owner}{/repo}","subscriptions_url":"https://api.github.com/users/ZarNiHK/subscriptions","organizations_url":"https://api.github.com/users/ZarNiHK/orgs","repos_url":"https://api.github.com/users/ZarNiHK/repos","events_url":"https://api.github.com/users/ZarNiHK/events{/privacy}","received_events_url":"https://api.github.com/users/ZarNiHK/received_events","type":"User","site_admin":false,"name":null,"company":null,"blog":"","location":null,"email":null,"hireable":null,"bio":null,"twitter_username":null,"public_repos":4,"public_gists":0,"followers":0,"following":1,"created_at":"2021-09-11T05:23:56Z","updated_at":"2024-01-14T17:28:57Z","private_gists":0,"total_private_repos":1,"owned_private_repos":1,"disk_usage":61048,"collaborators":0,"two_factor_authentication":false,"plan":{"name":"free","space":976562499,"collaborators":0,"private_repos":10000}}
[info] 
[info] +  Success! Logged into GitHub as ZarNiHK 
[info] 
